<?xml version="1.0" encoding="UTF-8"?>
<testsuite xmlns:xsi="http://www.w3.org/2001/XMLSchema-instance" xsi:noNamespaceSchemaLocation="https://maven.apache.org/surefire/maven-surefire-plugin/xsd/surefire-test-report-3.0.xsd" version="3.0" name="org.acme.reproducer.a.ServiceATest" time="4.129" tests="1" errors="0" skipped="0" failures="0">
  <properties>
[...]
</properties>
  <testcase name="testMinioClientAvailable" classname="org.acme.reproducer.a.ServiceATest" time="0.012">
    <system-out><![CDATA[2025-04-08 09:45:57,986 INFO  [org.tes.DockerClientFactory] (build-26) Testcontainers version: 1.20.4
2025-04-08 09:45:58,147 INFO  [org.tes.doc.DockerClientProviderStrategy] (build-26) Loaded org.testcontainers.dockerclient.RootlessDockerClientProviderStrategy from ~/.testcontainers.properties, will try it first
2025-04-08 09:45:58,320 INFO  [org.tes.doc.DockerClientProviderStrategy] (build-26) Found Docker environment with Docker accessed via Unix socket (/home/jveessen/.docker/desktop/docker.sock)
2025-04-08 09:45:58,321 INFO  [org.tes.DockerClientFactory] (build-26) Docker host IP address is localhost
2025-04-08 09:45:58,334 INFO  [org.tes.DockerClientFactory] (build-26) Connected to docker: 
  Server Version: 28.0.1
  API Version: 1.48
  Operating System: Docker Desktop
  Total Memory: 11957 MB
  Labels: 
    com.docker.desktop.address=unix:///home/jveessen/.docker/desktop/docker-cli.sock
2025-04-08 09:45:58,340 INFO  [org.tes.ima.PullPolicy] (build-26) Image pull policy will be performed by: DefaultPullPolicy()
2025-04-08 09:45:58,341 INFO  [org.tes.uti.ImageNameSubstitutor] (build-26) Image name substitution will be performed by: DefaultImageNameSubstitutor (composite of 'ConfigurationFileImageNameSubstitutor' and 'PrefixingImageNameSubstitutor')
2025-04-08 09:45:58,344 INFO  [org.tes.DockerClientFactory] (build-26) Checking the system...
2025-04-08 09:45:58,344 INFO  [org.tes.DockerClientFactory] (build-26) ✔︎ Docker server version should be at least 1.6.0
2025-04-08 09:45:58,622 INFO  [tc.min.2022-10-08T20-11-00Z] (build-26) Creating container for image: minio/minio:RELEASE.2022-10-08T20-11-00Z
2025-04-08 09:45:58,800 INFO  [tc.tes.11.0] (build-26) Creating container for image: testcontainers/ryuk:0.11.0
2025-04-08 09:45:58,905 INFO  [tc.tes.11.0] (build-26) Container testcontainers/ryuk:0.11.0 is starting: 63f8c43ed7aa3972482c9ddc8da5b991c2cf492005415af0c919155f1a2a445d
2025-04-08 09:45:59,237 INFO  [tc.tes.11.0] (build-26) Container testcontainers/ryuk:0.11.0 started in PT0.437000133S
2025-04-08 09:45:59,400 INFO  [tc.min.2022-10-08T20-11-00Z] (build-26) Container minio/minio:RELEASE.2022-10-08T20-11-00Z is starting: 50c115b27def1323650c964fbbe57a1e07a727bdc268cbd4aa33c6c59b3277de
2025-04-08 09:45:59,718 INFO  [org.tes.con.wai.str.HttpWaitStrategy] (build-26) /vigilant_ellis: Waiting for 60 seconds for URL: http://localhost:35729/minio/health/live (where port 35729 maps to container port 9000)
2025-04-08 09:46:00,735 INFO  [tc.min.2022-10-08T20-11-00Z] (build-26) Container minio/minio:RELEASE.2022-10-08T20-11-00Z started in PT2.11278285S
2025-04-08 09:46:00,737 INFO  [io.qua.min.cli.dep.dev.DevServicesMinioProcessor] (build-26) Dev Services for Minio started on localhost
2025-04-08 09:46:00,737 INFO  [io.qua.min.cli.dep.dev.DevServicesMinioProcessor] (build-26) Other Quarkus applications in dev mode will find the instance automatically. For Quarkus applications in production mode, you can connect to this by starting your application with -Dquarkus.minio.url=localhost -Dquarkus.minio.secure=false -Dquarkus.minio.port=9000
2025-04-08 09:46:00,863 WARN  [io.qua.config] (main) Unrecognized configuration key "quarkus.minio.console" was provided; it will be ignored; verify that the dependency extension for this configuration is set or that you did not make a typo
2025-04-08 09:46:00,919 INFO  [io.quarkus] (main) service-a 1.0.0-SNAPSHOT on JVM (powered by Quarkus 3.17.7) started in 3.568s. 
2025-04-08 09:46:00,920 INFO  [io.quarkus] (main) Profile test activated. 
2025-04-08 09:46:00,920 INFO  [io.quarkus] (main) Installed features: [cdi, minio-client]
Service A Test: Minio client injected. Container should be running.
]]></system-out>
  </testcase>
</testsuite>